<?xml version="1.0" encoding="UTF-8"?>
<testsuite name="com.luckyryan.sample.service.SampleServiceIntegrationTest" time="0.274" tests="1" errors="0" skipped="0" failures="0">
  <properties>
    <property name="java.runtime.name" value="Java(TM) SE Runtime Environment"/>
    <property name="sun.boot.library.path" value="C:\Program Files\Java\jdk1.7.0_71\jre\bin"/>
    <property name="java.vm.version" value="24.71-b01"/>
    <property name="java.vm.vendor" value="Oracle Corporation"/>
    <property name="java.vendor.url" value="http://java.oracle.com/"/>
    <property name="path.separator" value=";"/>
    <property name="guice.disable.misplaced.annotation.check" value="true"/>
    <property name="java.vm.name" value="Java HotSpot(TM) 64-Bit Server VM"/>
    <property name="file.encoding.pkg" value="sun.io"/>
    <property name="user.script" value=""/>
    <property name="user.country" value="US"/>
    <property name="sun.java.launcher" value="SUN_STANDARD"/>
    <property name="sun.os.patch.level" value="Service Pack 1"/>
    <property name="java.vm.specification.name" value="Java Virtual Machine Specification"/>
    <property name="user.dir" value="C:\Users\mukadder\Downloads\SampleMVC_TestSuite_v2\SampleMVC-TestSuite"/>
    <property name="java.runtime.version" value="1.7.0_71-b14"/>
    <property name="java.awt.graphicsenv" value="sun.awt.Win32GraphicsEnvironment"/>
    <property name="java.endorsed.dirs" value="C:\Program Files\Java\jdk1.7.0_71\jre\lib\endorsed"/>
    <property name="os.arch" value="amd64"/>
    <property name="java.io.tmpdir" value="C:\Users\mukadder\AppData\Local\Temp\"/>
    <property name="line.separator" value="&#10;"/>
    <property name="java.vm.specification.vendor" value="Oracle Corporation"/>
    <property name="user.variant" value=""/>
    <property name="os.name" value="Windows 7"/>
    <property name="net.sourceforge.cobertura.datafile" value="C:\Users\mukadder\Downloads\SampleMVC_TestSuite_v2\SampleMVC-TestSuite\target\cobertura\cobertura.ser"/>
    <property name="classworlds.conf" value="C:\Users\mukadder\workspace-bu\.metadata\.plugins\org.eclipse.m2e.core\launches\m2conf7215894348313653256.tmp"/>
    <property name="sun.jnu.encoding" value="Cp1252"/>
    <property name="java.library.path" value="C:\Program Files\Java\jdk1.7.0_71\bin;C:\Windows\Sun\Java\bin;C:\Windows\system32;C:\Windows;C:\ProgramData\Oracle\Java\javapath;C:\Program Files (x86)\ActiveState Komodo Edit 8\;C:\Oracle11g\instantclient_10_2\BIN;C:\Windows\system32;C:\Windows;C:\Windows\System32\Wbem;C:\Windows\System32\WindowsPowerShell\v1.0\;C:\Program Files (x86)\ATI Technologies\ATI.ACE\Core-Static;C:\SWTOOLS\ReadyApps;C:\jdk1.6.0_31\bin;C:\apache-ant-1.8.2\bin;C:\apache-ant-1.8.2\lib;C:\apache-maven-2.2.1;C:\cygwin\bin;c:\cygwin\usr\bin;C:\Program Files\doxygen\bin;C:\amazon\ec2-api-tools-1.5.3.0\bin;C:\Users\mukadder\AppData\Local\Temp\jboss\jboss-as-7.1.1.Final;C:\jtds\apache-cxf-2.6.0\lib;C:\Program Files\SlikSvn\bin;%ORACLE HOME%\network\admin;C:\Program Files (x86)\scala\\bin;C:\oracle\instantclient_11_2;C:\Groovy\groovy-2.1.0\bin;C:\Ruby193\bin;C:\Program Files (x86)\Attachmate\Reflection\;C:\Program Files (x86)\sbt\;C:\gradle-1.6-all\gradle-1.6\bin;C:\Program Files (x86)\giter8\;C:\Program Files (x86)\Groovy\Groovy-2.1.3\bin;C:\Grails\grails-2.2.1\grails-2.2.1\bin;C:\Program Files (x86)\Heroku\bin;C:\Program Files (x86)\git\cmd;C:\Heroku\bin;C:\apache-tomcat-7.0.27\bin;C:\apache-maven-3.0.5\bin;C:\Program Files\MySQL\MySQL Server 5.6\bin;C:\Program Files (x86)\Git\cmd;C:\Program Files\nodejs\;C:\Python34;C:\Program Files\jEdit;C:\Program Files (x86)\QuickTime\QTSystem\;C:\Program Files (x86)\Skype\Phone\;C:\Users\mukadder\AppData\Roaming\npm;C:\Program Files (x86)\IDM Computer Solutions\UltraCompare\;C:\Program Files (x86)\CollabNet;C:\XE5\bin;C:\Users\Public\Documents\RAD Studio\12.0\Bpl;C:\XE5\bin64;C:\Users\Public\Documents\RAD Studio\12.0\Bpl\Win64;C:\Windows\system32;C:\Windows;C:\Windows\SysWOW64\Wbem;C:\Windows\SysWOW64\WindowsPowerShell\v1.0\;."/>
    <property name="java.specification.name" value="Java Platform API Specification"/>
    <property name="java.class.version" value="51.0"/>
    <property name="sun.management.compiler" value="HotSpot 64-Bit Tiered Compilers"/>
    <property name="os.version" value="6.1"/>
    <property name="user.home" value="C:\Users\mukadder"/>
    <property name="user.timezone" value="America/New_York"/>
    <property name="java.awt.printerjob" value="sun.awt.windows.WPrinterJob"/>
    <property name="java.specification.version" value="1.7"/>
    <property name="file.encoding" value="Cp1252"/>
    <property name="user.name" value="mukadder"/>
    <property name="java.class.path" value="/C:/Users/mukadder/jbdevstudio/studio/plugins/org.eclipse.m2e.maven.runtime_1.0.200.20111228-1245/jars/plexus-classworlds-2.4.jar"/>
    <property name="java.vm.specification.version" value="1.7"/>
    <property name="sun.arch.data.model" value="64"/>
    <property name="java.home" value="C:\Program Files\Java\jdk1.7.0_71\jre"/>
    <property name="sun.java.command" value="org.codehaus.plexus.classworlds.launcher.Launcher -B -s C:\Users\mukadder\.m2\settings.xml install"/>
    <property name="java.specification.vendor" value="Oracle Corporation"/>
    <property name="user.language" value="en"/>
    <property name="awt.toolkit" value="sun.awt.windows.WToolkit"/>
    <property name="java.vm.info" value="mixed mode"/>
    <property name="java.version" value="1.7.0_71"/>
    <property name="java.ext.dirs" value="C:\Program Files\Java\jdk1.7.0_71\jre\lib\ext;C:\Windows\Sun\Java\lib\ext"/>
    <property name="sun.boot.class.path" value="C:\Program Files\Java\jdk1.7.0_71\jre\lib\resources.jar;C:\Program Files\Java\jdk1.7.0_71\jre\lib\rt.jar;C:\Program Files\Java\jdk1.7.0_71\jre\lib\sunrsasign.jar;C:\Program Files\Java\jdk1.7.0_71\jre\lib\jsse.jar;C:\Program Files\Java\jdk1.7.0_71\jre\lib\jce.jar;C:\Program Files\Java\jdk1.7.0_71\jre\lib\charsets.jar;C:\Program Files\Java\jdk1.7.0_71\jre\lib\jfr.jar;C:\Program Files\Java\jdk1.7.0_71\jre\classes"/>
    <property name="java.vendor" value="Oracle Corporation"/>
    <property name="maven.home" value="C:\Users\mukadder\Downloads\SampleMVC_TestSuite_v2\SampleMVC-TestSuite\EMBEDDED"/>
    <property name="file.separator" value="\"/>
    <property name="java.vendor.url.bug" value="http://bugreport.sun.com/bugreport/"/>
    <property name="sun.cpu.endian" value="little"/>
    <property name="sun.io.unicode.encoding" value="UnicodeLittle"/>
    <property name="project.build.outputDirectory" value="C:\Users\mukadder\Downloads\SampleMVC_TestSuite_v2\SampleMVC-TestSuite\target\generated-classes\cobertura"/>
    <property name="sun.desktop" value="windows"/>
    <property name="sun.cpu.isalist" value="amd64"/>
  </properties>
  <testcase name="testSaveForm" classname="com.luckyryan.sample.service.SampleServiceIntegrationTest" time="0.274"/>
</testsuite>